<?xml version="1.0" encoding="UTF-8"?>
<!-- Generated by org.testng.reporters.JUnitXMLReporter -->
<testsuite ignored="2" hostname="Navaishu" failures="0" tests="1" name="Test(failed)(failed)(failed)" time="16.586" errors="0" timestamp="2023-08-07T19:46:22 IST">
  <testcase classname="crmTests.LoginPageTest" name="validatloginTest" time="0.008"/>
  <testcase classname="crmTests.LoginPageTest" name="validateforgotPassword" time="0.0">
    <ignored/>
  </testcase> <!-- validateforgotPassword -->
  <testcase classname="crmTests.LoginPageTest" name="validateLogoTest" time="0.0">
    <ignored/>
  </testcase> <!-- validateLogoTest -->
</testsuite> <!-- Test(failed)(failed)(failed) -->
